\BOOKMARK [1][-]{section.1}{\376\377\000D\000a\000n\000k\000s\000a\000g\000u\000n\000g}{}% 1
\BOOKMARK [1][-]{section.2}{\376\377\000\334\000b\000e\000r\000l\000e\000g\000u\000n\000g\000e\000n\000\040\000z\000u\000m\000\040\000E\000i\000n\000s\000t\000i\000e\000g\000\040\000i\000n\000\040\000d\000i\000e\000\040\000T\000h\000e\000m\000a\000t\000i\000k}{}% 2
\BOOKMARK [2][-]{subsection.2.1}{\376\377\000W\000a\000s\000\040\000i\000s\000t\000\040\000G\000e\000l\000d\000?}{section.2}% 3
\BOOKMARK [3][-]{subsubsection.2.1.1}{\376\377\000W\000e\000l\000c\000h\000e\000\040\000A\000u\000f\000g\000a\000b\000e\000n\000\040\000h\000a\000t\000\040\000G\000e\000l\000d\000\040\000u\000n\000d\000\040\000w\000e\000l\000c\000h\000e\000\040\000P\000r\000o\000b\000l\000e\000m\000e\000\040\000l\000\366\000s\000t\000\040\000e\000s\000?}{subsection.2.1}% 4
\BOOKMARK [3][-]{subsubsection.2.1.2}{\376\377\000D\000e\000r\000\040\000G\000o\000l\000d\000s\000t\000a\000n\000d\000a\000r\000d}{subsection.2.1}% 5
\BOOKMARK [3][-]{subsubsection.2.1.3}{\376\377\000F\000i\000a\000t\000-\000\040\000o\000d\000e\000r\000\040\000u\000n\000g\000e\000d\000e\000c\000k\000t\000e\000\040\000W\000\344\000h\000r\000u\000n\000g\000e\000n}{subsection.2.1}% 6
\BOOKMARK [3][-]{subsubsection.2.1.4}{\376\377\000D\000i\000g\000i\000t\000a\000l\000i\000s\000i\000e\000r\000u\000n\000g\000\040\000d\000e\000s\000\040\000G\000e\000l\000d\000e\000s}{subsection.2.1}% 7
\BOOKMARK [2][-]{subsection.2.2}{\376\377\000K\000r\000y\000p\000t\000o\000w\000\344\000h\000r\000u\000n\000g\000e\000n}{section.2}% 8
\BOOKMARK [1][-]{section.3}{\376\377\000G\000r\000u\000n\000d\000l\000a\000g\000e\000n\000\040\000d\000e\000r\000\040\000K\000r\000y\000p\000t\000o\000g\000r\000a\000p\000h\000i\000e}{}% 9
\BOOKMARK [2][-]{subsection.3.1}{\376\377\000D\000i\000e\000\040\000d\000r\000e\000i\000\040\000Z\000i\000e\000l\000e\000\040\000d\000e\000r\000\040\000K\000r\000y\000p\000t\000o\000g\000r\000a\000p\000h\000i\000e}{section.3}% 10
\BOOKMARK [2][-]{subsection.3.2}{\376\377\000D\000a\000t\000e\000n\000i\000n\000t\000e\000g\000r\000i\000t\000\344\000t\000\040\000-\000\040\000H\000a\000s\000h\000i\000n\000g}{section.3}% 11
\BOOKMARK [2][-]{subsection.3.3}{\376\377\000S\000H\000A}{section.3}% 12
\BOOKMARK [2][-]{subsection.3.4}{\376\377\000H\000M\000A\000C}{section.3}% 13
\BOOKMARK [2][-]{subsection.3.5}{\376\377\000V\000e\000r\000s\000c\000h\000l\000\374\000s\000s\000e\000l\000u\000n\000g\000\040\000-\000\040\000V\000e\000r\000t\000r\000a\000u\000l\000i\000c\000h\000k\000e\000i\000t}{section.3}% 14
\BOOKMARK [3][-]{subsubsection.3.5.1}{\376\377\000S\000y\000m\000m\000e\000t\000r\000i\000s\000c\000h\000e\000\040\000V\000e\000r\000s\000c\000h\000l\000\374\000s\000s\000e\000l\000u\000n\000g}{subsection.3.5}% 15
\BOOKMARK [3][-]{subsubsection.3.5.2}{\376\377\000A\000s\000y\000m\000m\000e\000t\000r\000i\000s\000c\000h\000e\000\040\000V\000e\000r\000s\000c\000h\000l\000\374\000s\000s\000e\000l\000u\000n\000g}{subsection.3.5}% 16
\BOOKMARK [4][-]{paragraph.3.5.2.1}{\376\377\000E\000C\000C\000\040\000-\000\040\000E\000l\000i\000p\000t\000i\000c\000\040\000C\000u\000r\000v\000e\000\040\000C\000r\000y\000p\000t\000o\000g\000r\000a\000p\000h\000y}{subsubsection.3.5.2}% 17
\BOOKMARK [1][-]{section.4}{\376\377\000D\000i\000e\000\040\000E\000n\000t\000s\000t\000e\000h\000u\000n\000g\000\040\000v\000o\000n\000\040\000B\000i\000t\000c\000o\000i\000n}{}% 18
\BOOKMARK [2][-]{subsection.4.1}{\376\377\000B\000i\000t\000c\000o\000i\000n\000,\000\040\000m\000B\000T\000C\000\040\000u\000n\000d\000\040\000S\000a\000t\000o\000s\000h\000i\000\040\000-\000\040\000d\000i\000e\000\040\000W\000\344\000h\000r\000u\000n\000g\000s\000e\000i\000n\000h\000e\000i\000t\000e\000n}{section.4}% 19
\BOOKMARK [1][-]{section.5}{\376\377\000B\000l\000o\000c\000k\000c\000h\000a\000i\000n}{}% 20
\BOOKMARK [2][-]{subsection.5.1}{\376\377\000A\000u\000f\000b\000a\000u\000\040\000d\000e\000r\000\040\000B\000l\000o\000c\000k\000c\000h\000a\000i\000n}{section.5}% 21
\BOOKMARK [2][-]{subsection.5.2}{\376\377\000D\000e\000z\000e\000n\000t\000r\000a\000l\000i\000s\000i\000e\000r\000u\000n\000g\000,\000\040\000F\000u\000l\000l\000-\000N\000o\000d\000e\000s\000\040\000u\000n\000d\000\040\000G\000r\000\366\000\337\000e}{section.5}% 22
\BOOKMARK [2][-]{subsection.5.3}{\376\377\000K\000o\000n\000s\000e\000n\000s\000b\000i\000l\000d\000u\000n\000g\000\040\000i\000n\000\040\000e\000i\000n\000e\000m\000\040\000d\000e\000z\000e\000n\000t\000r\000a\000l\000i\000s\000i\000e\000r\000t\000e\000m\000\040\000S\000y\000s\000t\000e\000m}{section.5}% 23
\BOOKMARK [3][-]{subsubsection.5.3.1}{\376\377\000K\000o\000n\000s\000e\000n\000s\000m\000e\000c\000h\000a\000n\000i\000s\000m\000e\000n}{subsection.5.3}% 24
\BOOKMARK [4][-]{paragraph.5.3.1.1}{\376\377\000P\000r\000o\000o\000f\000-\000o\000f\000-\000W\000o\000r\000k}{subsubsection.5.3.1}% 25
\BOOKMARK [4][-]{paragraph.5.3.1.2}{\376\377\000P\000r\000o\000o\000f\000-\000o\000f\000-\000S\000t\000a\000k\000e}{subsubsection.5.3.1}% 26
\BOOKMARK [3][-]{subsubsection.5.3.2}{\376\377\000F\000o\000r\000k}{subsection.5.3}% 27
\BOOKMARK [2][-]{subsection.5.4}{\376\377\000M\000i\000n\000i\000n\000g}{section.5}% 28
\BOOKMARK [3][-]{subsubsection.5.4.1}{\376\377\000V\000e\000r\000i\000f\000i\000z\000i\000e\000r\000u\000n\000g\000\040\000-\000\040\000H\000a\000s\000h\000i\000n\000g}{subsection.5.4}% 29
\BOOKMARK [3][-]{subsubsection.5.4.2}{\376\377\000M\000i\000n\000e\000r\000\040\000B\000e\000l\000o\000h\000n\000u\000n\000g\000\040\000u\000n\000d\000\040\000T\000r\000a\000n\000s\000a\000c\000t\000i\000o\000n\000\040\000F\000e\000e\000s}{subsection.5.4}% 30
\BOOKMARK [4][-]{paragraph.5.4.2.1}{\376\377\000T\000r\000a\000n\000s\000a\000c\000t\000i\000o\000n\000\040\000F\000e\000e\000s}{subsubsection.5.4.2}% 31
\BOOKMARK [4][-]{paragraph.5.4.2.2}{\376\377\000B\000e\000l\000o\000h\000n\000u\000n\000g\000\040\000-\000\040\000B\000l\000o\000c\000k\000\040\000S\000u\000b\000s\000i\000d\000y}{subsubsection.5.4.2}% 32
\BOOKMARK [1][-]{section.6}{\376\377\000T\000e\000i\000l\000\040\000d\000e\000r\000\040\000B\000l\000o\000c\000k\000c\000h\000a\000i\000n\000\040\000w\000e\000r\000d\000e\000n}{}% 33
\BOOKMARK [2][-]{subsection.6.1}{\376\377\000M\000e\000i\000n\000e\000\040\000A\000d\000r\000e\000s\000s\000e\000\040\000a\000u\000f\000\040\000d\000e\000r\000\040\000B\000l\000o\000c\000k\000c\000h\000a\000i\000n}{section.6}% 34
\BOOKMARK [2][-]{subsection.6.2}{\376\377\000W\000a\000l\000l\000e\000t\000s}{section.6}% 35
\BOOKMARK [3][-]{subsubsection.6.2.1}{\376\377\000A\000r\000t\000e\000n\000\040\000v\000o\000n\000\040\000W\000a\000l\000l\000e\000t\000s}{subsection.6.2}% 36
\BOOKMARK [4][-]{paragraph.6.2.1.1}{\376\377\000H\000o\000t\000\040\000W\000a\000l\000l\000e\000t}{subsubsection.6.2.1}% 37
\BOOKMARK [4][-]{paragraph.6.2.1.2}{\376\377\000C\000o\000l\000d\000\040\000W\000a\000l\000l\000e\000t}{subsubsection.6.2.1}% 38
\BOOKMARK [3][-]{subsubsection.6.2.2}{\376\377\000K\000e\000y\000\040\000E\000r\000s\000t\000e\000l\000l\000u\000n\000g}{subsection.6.2}% 39
\BOOKMARK [3][-]{subsubsection.6.2.3}{\376\377\000E\000i\000n\000e\000\040\000T\000r\000a\000n\000s\000a\000k\000t\000i\000o\000n\000\040\000s\000e\000n\000d\000e\000n}{subsection.6.2}% 40
\BOOKMARK [1][-]{section.7}{\376\377\000S\000t\000a\000b\000l\000e\000c\000o\000i\000n\000s\000\040\000-\000\040\000C\000o\000i\000n\000s\000\040\000z\000u\000\040\000D\000o\000l\000l\000a\000r}{}% 41
\BOOKMARK [1][-]{section.8}{\376\377\000P\000r\000o\000b\000l\000e\000m\000e}{}% 42
\BOOKMARK [2][-]{subsection.8.1}{\376\377\000H\000o\000h\000e\000\040\000V\000o\000l\000a\000t\000i\000l\000i\000t\000\344\000t}{section.8}% 43
\BOOKMARK [3][-]{subsubsection.8.1.1}{\376\377\000M\000i\000t\000t\000e\000l\000s\000m\000\344\000n\000n\000e\000r}{subsection.8.1}% 44
\BOOKMARK [3][-]{subsubsection.8.1.2}{\376\377\000F\000a\000i\000r\000n\000e\000s\000s}{subsection.8.1}% 45
\BOOKMARK [3][-]{subsubsection.8.1.3}{\376\377\0005\0001\000\045\000\040\000A\000n\000g\000r\000i\000f\000f}{subsection.8.1}% 46
\BOOKMARK [3][-]{subsubsection.8.1.4}{\376\377\000T\000r\000a\000n\000s\000a\000k\000t\000i\000o\000n\000s\000l\000i\000m\000i\000t}{subsection.8.1}% 47
\BOOKMARK [3][-]{subsubsection.8.1.5}{\376\377\000F\000i\000n\000a\000l\000i\000t\000y}{subsection.8.1}% 48
\BOOKMARK [3][-]{subsubsection.8.1.6}{\376\377\000E\000n\000e\000r\000g\000i\000e\000a\000u\000f\000w\000a\000n\000d\000\040\000b\000e\000i\000\040\000P\000r\000o\000o\000f\000-\000o\000f\000-\000W\000o\000r\000k}{subsection.8.1}% 49
