This is pdfTeX, Version 3.141592653-2.6-1.40.25 (MiKTeX 23.12) (preloaded format=pdflatex 2024.3.2)  2 MAR 2024 12:35
entering extended mode
 restricted \write18 enabled.
 file:line:error style messages enabled.
 %&-line parsing enabled.
**/home/melektron/Documents/local_repos/frenchbakery/paper/2024_paper/paper/msglink_framework.tex
(/home/melektron/Documents/local_repos/frenchbakery/paper/2024_paper/paper/msglink_framework.tex
LaTeX2e <2023-11-01> patch level 1
L3 programming layer <2024-02-20>
(/home/melektron/.miktex/texmfs/install/tex/latex/ieeetran/IEEEtran.cls
Document Class: IEEEtran 2015/08/26 V1.8b by Michael Shell
-- See the "IEEEtran_HOWTO" manual for usage information.
-- http://www.michaelshell.org/tex/ieeetran/
\@IEEEtrantmpdimenA=\dimen140
\@IEEEtrantmpdimenB=\dimen141
\@IEEEtrantmpdimenC=\dimen142
\@IEEEtrantmpcountA=\count188
\@IEEEtrantmpcountB=\count189
\@IEEEtrantmpcountC=\count190
\@IEEEtrantmptoksA=\toks17
LaTeX Font Info:    Trying to load font information for OT1+ptm on input line 503.
(/home/melektron/.miktex/texmfs/install/tex/latex/psnfss/ot1ptm.fd
File: ot1ptm.fd 2001/06/04 font definitions for OT1/ptm.
)
-- Using 8.5in x 11in (letter) paper.
-- Using PDF output.
\@IEEEnormalsizeunitybaselineskip=\dimen143
-- This is a 10 point document.
\CLASSINFOnormalsizebaselineskip=\dimen144
\CLASSINFOnormalsizeunitybaselineskip=\dimen145
\IEEEnormaljot=\dimen146
LaTeX Font Info:    Font shape `OT1/ptm/bx/n' in size <5> not available
(Font)              Font shape `OT1/ptm/b/n' tried instead on input line 1090.
LaTeX Font Info:    Font shape `OT1/ptm/bx/it' in size <5> not available
(Font)              Font shape `OT1/ptm/b/it' tried instead on input line 1090.
LaTeX Font Info:    Font shape `OT1/ptm/bx/n' in size <7> not available
(Font)              Font shape `OT1/ptm/b/n' tried instead on input line 1090.
LaTeX Font Info:    Font shape `OT1/ptm/bx/it' in size <7> not available
(Font)              Font shape `OT1/ptm/b/it' tried instead on input line 1090.
LaTeX Font Info:    Font shape `OT1/ptm/bx/n' in size <8> not available
(Font)              Font shape `OT1/ptm/b/n' tried instead on input line 1090.
LaTeX Font Info:    Font shape `OT1/ptm/bx/it' in size <8> not available
(Font)              Font shape `OT1/ptm/b/it' tried instead on input line 1090.
LaTeX Font Info:    Font shape `OT1/ptm/bx/n' in size <9> not available
(Font)              Font shape `OT1/ptm/b/n' tried instead on input line 1090.
LaTeX Font Info:    Font shape `OT1/ptm/bx/it' in size <9> not available
(Font)              Font shape `OT1/ptm/b/it' tried instead on input line 1090.
LaTeX Font Info:    Font shape `OT1/ptm/bx/n' in size <10> not available
(Font)              Font shape `OT1/ptm/b/n' tried instead on input line 1090.
LaTeX Font Info:    Font shape `OT1/ptm/bx/it' in size <10> not available
(Font)              Font shape `OT1/ptm/b/it' tried instead on input line 1090.
LaTeX Font Info:    Font shape `OT1/ptm/bx/n' in size <11> not available
(Font)              Font shape `OT1/ptm/b/n' tried instead on input line 1090.
LaTeX Font Info:    Font shape `OT1/ptm/bx/it' in size <11> not available
(Font)              Font shape `OT1/ptm/b/it' tried instead on input line 1090.
LaTeX Font Info:    Font shape `OT1/ptm/bx/n' in size <12> not available
(Font)              Font shape `OT1/ptm/b/n' tried instead on input line 1090.
LaTeX Font Info:    Font shape `OT1/ptm/bx/it' in size <12> not available
(Font)              Font shape `OT1/ptm/b/it' tried instead on input line 1090.
LaTeX Font Info:    Font shape `OT1/ptm/bx/n' in size <17> not available
(Font)              Font shape `OT1/ptm/b/n' tried instead on input line 1090.
LaTeX Font Info:    Font shape `OT1/ptm/bx/it' in size <17> not available
(Font)              Font shape `OT1/ptm/b/it' tried instead on input line 1090.
LaTeX Font Info:    Font shape `OT1/ptm/bx/n' in size <20> not available
(Font)              Font shape `OT1/ptm/b/n' tried instead on input line 1090.
LaTeX Font Info:    Font shape `OT1/ptm/bx/it' in size <20> not available
(Font)              Font shape `OT1/ptm/b/it' tried instead on input line 1090.
LaTeX Font Info:    Font shape `OT1/ptm/bx/n' in size <24> not available
(Font)              Font shape `OT1/ptm/b/n' tried instead on input line 1090.
LaTeX Font Info:    Font shape `OT1/ptm/bx/it' in size <24> not available
(Font)              Font shape `OT1/ptm/b/it' tried instead on input line 1090.
\IEEEquantizedlength=\dimen147
\IEEEquantizedlengthdiff=\dimen148
\IEEEquantizedtextheightdiff=\dimen149
\IEEEilabelindentA=\dimen150
\IEEEilabelindentB=\dimen151
\IEEEilabelindent=\dimen152
\IEEEelabelindent=\dimen153
\IEEEdlabelindent=\dimen154
\IEEElabelindent=\dimen155
\IEEEiednormlabelsep=\dimen156
\IEEEiedmathlabelsep=\dimen157
\IEEEiedtopsep=\skip48
\c@section=\count191
\c@subsection=\count192
\c@subsubsection=\count193
\c@paragraph=\count194
\c@IEEEsubequation=\count195
\abovecaptionskip=\skip49
\belowcaptionskip=\skip50
\c@figure=\count196
\c@table=\count197
\@IEEEeqnnumcols=\count198
\@IEEEeqncolcnt=\count199
\@IEEEsubeqnnumrollback=\count266
\@IEEEquantizeheightA=\dimen158
\@IEEEquantizeheightB=\dimen159
\@IEEEquantizeheightC=\dimen160
\@IEEEquantizeprevdepth=\dimen161
\@IEEEquantizemultiple=\count267
\@IEEEquantizeboxA=\box51
\@IEEEtmpitemindent=\dimen162
\IEEEPARstartletwidth=\dimen163
\c@IEEEbiography=\count268
\@IEEEtranrubishbin=\box52
)
** ATTENTION: Overriding command lockouts (line 2).
(/home/melektron/.miktex/texmfs/install/tex/latex/cite/cite.sty
LaTeX Info: Redefining \cite on input line 302.
LaTeX Info: Redefining \nocite on input line 332.
Package: cite 2015/02/27  v 5.5
) (/home/melektron/.miktex/texmfs/install/tex/latex/amsmath/amsmath.sty
Package: amsmath 2023/05/13 v2.17o AMS math features
\@mathmargin=\skip51

For additional information on amsmath, use the `?' option.
(/home/melektron/.miktex/texmfs/install/tex/latex/amsmath/amstext.sty
Package: amstext 2021/08/26 v2.01 AMS text
 (/home/melektron/.miktex/texmfs/install/tex/latex/amsmath/amsgen.sty
File: amsgen.sty 1999/11/30 v2.0 generic functions
\@emptytoks=\toks18
\ex@=\dimen164
)) (/home/melektron/.miktex/texmfs/install/tex/latex/amsmath/amsbsy.sty
Package: amsbsy 1999/11/29 v1.2d Bold Symbols
\pmbraise@=\dimen165
) (/home/melektron/.miktex/texmfs/install/tex/latex/amsmath/amsopn.sty
Package: amsopn 2022/04/08 v2.04 operator names
)
\inf@bad=\count269
LaTeX Info: Redefining \frac on input line 234.
\uproot@=\count270
\leftroot@=\count271
LaTeX Info: Redefining \overline on input line 399.
LaTeX Info: Redefining \colon on input line 410.
\classnum@=\count272
\DOTSCASE@=\count273
LaTeX Info: Redefining \ldots on input line 496.
LaTeX Info: Redefining \dots on input line 499.
LaTeX Info: Redefining \cdots on input line 620.
\Mathstrutbox@=\box53
\strutbox@=\box54
LaTeX Info: Redefining \big on input line 722.
LaTeX Info: Redefining \Big on input line 723.
LaTeX Info: Redefining \bigg on input line 724.
LaTeX Info: Redefining \Bigg on input line 725.
\big@size=\dimen166
LaTeX Font Info:    Redeclaring font encoding OML on input line 743.
LaTeX Font Info:    Redeclaring font encoding OMS on input line 744.
\macc@depth=\count274
LaTeX Info: Redefining \bmod on input line 905.
LaTeX Info: Redefining \pmod on input line 910.
LaTeX Info: Redefining \smash on input line 940.
LaTeX Info: Redefining \relbar on input line 970.
LaTeX Info: Redefining \Relbar on input line 971.
\c@MaxMatrixCols=\count275
\dotsspace@=\muskip16
\c@parentequation=\count276
\dspbrk@lvl=\count277
\tag@help=\toks19
\row@=\count278
\column@=\count279
\maxfields@=\count280
\andhelp@=\toks20
\eqnshift@=\dimen167
\alignsep@=\dimen168
\tagshift@=\dimen169
\tagwidth@=\dimen170
\totwidth@=\dimen171
\lineht@=\dimen172
\@envbody=\toks21
\multlinegap=\skip52
\multlinetaggap=\skip53
\mathdisplay@stack=\toks22
LaTeX Info: Redefining \[ on input line 2953.
LaTeX Info: Redefining \] on input line 2954.
) (/home/melektron/.miktex/texmfs/install/tex/latex/amsfonts/amssymb.sty
Package: amssymb 2013/01/14 v3.01 AMS font symbols
 (/home/melektron/.miktex/texmfs/install/tex/latex/amsfonts/amsfonts.sty
Package: amsfonts 2013/01/14 v3.01 Basic AMSFonts support
\symAMSa=\mathgroup4
\symAMSb=\mathgroup5
LaTeX Font Info:    Redeclaring math symbol \hbar on input line 98.
LaTeX Font Info:    Overwriting math alphabet `\mathfrak' in version `bold'
(Font)                  U/euf/m/n --> U/euf/b/n on input line 106.
)) (/home/melektron/.miktex/texmfs/install/tex/latex/algorithms/algorithmic.sty
Package: algorithmic 2009/08/24 v0.1 Document Style `algorithmic'
 (/home/melektron/.miktex/texmfs/install/tex/latex/base/ifthen.sty
Package: ifthen 2022/04/13 v1.1d Standard LaTeX ifthen package (DPC)
) (/home/melektron/.miktex/texmfs/install/tex/latex/graphics/keyval.sty
Package: keyval 2022/05/29 v1.15 key=value parser (DPC)
\KV@toks@=\toks23
)
\c@ALC@unique=\count281
\c@ALC@line=\count282
\c@ALC@rem=\count283
\c@ALC@depth=\count284
\ALC@tlm=\skip54
\algorithmicindent=\skip55
) (/home/melektron/.miktex/texmfs/install/tex/latex/graphics/graphicx.sty
Package: graphicx 2021/09/16 v1.2d Enhanced LaTeX Graphics (DPC,SPQR)
 (/home/melektron/.miktex/texmfs/install/tex/latex/graphics/graphics.sty
Package: graphics 2022/03/10 v1.4e Standard LaTeX Graphics (DPC,SPQR)
 (/home/melektron/.miktex/texmfs/install/tex/latex/graphics/trig.sty
Package: trig 2021/08/11 v1.11 sin cos tan (DPC)
) (/home/melektron/.miktex/texmfs/install/tex/latex/graphics-cfg/graphics.cfg
File: graphics.cfg 2016/06/04 v1.11 sample graphics configuration
)
Package graphics Info: Driver file: pdftex.def on input line 107.
 (/home/melektron/.miktex/texmfs/install/tex/latex/graphics-def/pdftex.def
File: pdftex.def 2022/09/22 v1.2b Graphics/color driver for pdftex
))
\Gin@req@height=\dimen173
\Gin@req@width=\dimen174
) (/home/melektron/.miktex/texmfs/install/tex/latex/base/textcomp.sty
Package: textcomp 2020/02/02 v2.0n Standard LaTeX package
) (/home/melektron/.miktex/texmfs/install/tex/latex/xcolor/xcolor.sty
Package: xcolor 2023/11/15 v3.01 LaTeX color extensions (UK)
 (/home/melektron/.miktex/texmfs/install/tex/latex/graphics-cfg/color.cfg
File: color.cfg 2016/01/02 v1.6 sample color configuration
)
Package xcolor Info: Driver file: pdftex.def on input line 274.
 (/home/melektron/.miktex/texmfs/install/tex/latex/graphics/mathcolor.ltx)
Package xcolor Info: Model `cmy' substituted by `cmy0' on input line 1350.
Package xcolor Info: Model `hsb' substituted by `rgb' on input line 1354.
Package xcolor Info: Model `RGB' extended on input line 1366.
Package xcolor Info: Model `HTML' substituted by `rgb' on input line 1368.
Package xcolor Info: Model `Hsb' substituted by `hsb' on input line 1369.
Package xcolor Info: Model `tHsb' substituted by `hsb' on input line 1370.
Package xcolor Info: Model `HSB' substituted by `hsb' on input line 1371.
Package xcolor Info: Model `Gray' substituted by `gray' on input line 1372.
Package xcolor Info: Model `wave' substituted by `hsb' on input line 1373.
) (/home/melektron/.miktex/texmfs/install/tex/latex/caption/caption.sty
Package: caption 2023/08/05 v3.6o Customizing captions (AR)
 (/home/melektron/.miktex/texmfs/install/tex/latex/caption/caption3.sty
Package: caption3 2023/07/31 v2.4d caption3 kernel (AR)
\caption@tempdima=\dimen175
\captionmargin=\dimen176
\caption@leftmargin=\dimen177
\caption@rightmargin=\dimen178
\caption@width=\dimen179
\caption@indent=\dimen180
\caption@parindent=\dimen181
\caption@hangindent=\dimen182
Package caption Info: Unknown document class (or package),
(caption)             standard defaults will be used.
Package caption Info: \@makecaption = \long macro:#1#2->\ifx \@captype \@IEEEtablestring \footnotesize \bgroup \par \centering \@IEEEtabletopskipstrut {\normalfont \footnotesize #1}\\{\normalfont \footnotesize \scshape #2}\par \addvspace {0.5\baselineskip }\egroup \@IEEEtablecaptionsepspace \else \@IEEEfigurecaptionsepspace \setbox \@tempboxa \hbox {\normalfont \footnotesize {#1.}\nobreakspace \nobreakspace #2}\ifdim \wd \@tempboxa >\hsize \setbox \@tempboxa \hbox {\normalfont \footnotesize {#1.}\nobreakspace \nobreakspace }\parbox [t]{\hsize }{\normalfont \footnotesize \noindent \unhbox \@tempboxa #2}\else \ifCLASSOPTIONconference \hbox to\hsize {\normalfont \footnotesize \hfil \box \@tempboxa \hfil }\else \hbox to\hsize {\normalfont \footnotesize \box \@tempboxa \hfil }\fi \fi \fi  on input line 1175.
)

Package caption Warning: Unknown document class (or package),
(caption)                standard defaults will be used.
See the caption package documentation for explanation.

\c@caption@flags=\count285
\c@continuedfloat=\count286
) (/home/melektron/.miktex/texmfs/install/tex/latex/l3backend/l3backend-pdftex.def
File: l3backend-pdftex.def 2024-02-20 L3 backend support: PDF output (pdfTeX)
\l__color_backend_stack_int=\count287
\l__pdf_internal_box=\box55
) (msglink_framework.aux)
\openout1 = `msglink_framework.aux'.

LaTeX Font Info:    Checking defaults for OML/cmm/m/it on input line 14.
LaTeX Font Info:    ... okay on input line 14.
LaTeX Font Info:    Checking defaults for OMS/cmsy/m/n on input line 14.
LaTeX Font Info:    ... okay on input line 14.
LaTeX Font Info:    Checking defaults for OT1/cmr/m/n on input line 14.
LaTeX Font Info:    ... okay on input line 14.
LaTeX Font Info:    Checking defaults for T1/cmr/m/n on input line 14.
LaTeX Font Info:    ... okay on input line 14.
LaTeX Font Info:    Checking defaults for TS1/cmr/m/n on input line 14.
LaTeX Font Info:    ... okay on input line 14.
LaTeX Font Info:    Checking defaults for OMX/cmex/m/n on input line 14.
LaTeX Font Info:    ... okay on input line 14.
LaTeX Font Info:    Checking defaults for U/cmr/m/n on input line 14.
LaTeX Font Info:    ... okay on input line 14.

-- Lines per column: 56 (exact).
(/home/melektron/.miktex/texmfs/install/tex/context/base/mkii/supp-pdf.mkii
[Loading MPS to PDF converter (version 2006.09.02).]
\scratchcounter=\count288
\scratchdimen=\dimen183
\scratchbox=\box56
\nofMPsegments=\count289
\nofMParguments=\count290
\everyMPshowfont=\toks24
\MPscratchCnt=\count291
\MPscratchDim=\dimen184
\MPnumerator=\count292
\makeMPintoPDFobject=\count293
\everyMPtoPDFconversion=\toks25
) (/home/melektron/.miktex/texmfs/install/tex/latex/epstopdf-pkg/epstopdf-base.sty
Package: epstopdf-base 2020-01-24 v2.11 Base part for package epstopdf
Package epstopdf-base Info: Redefining graphics rule for `.eps' on input line 485.
 (/home/melektron/.miktex/texmfs/install/tex/latex/00miktex/epstopdf-sys.cfg
File: epstopdf-sys.cfg 2021/03/18 v2.0 Configuration of epstopdf for MiKTeX
))
Package caption Info: Begin \AtBeginDocument code.
Package caption Info: End \AtBeginDocument code.
LaTeX Font Info:    Calculating math sizes for size <11> on input line 36.
LaTeX Font Info:    Trying to load font information for U+msa on input line 36.
 (/home/melektron/.miktex/texmfs/install/tex/latex/amsfonts/umsa.fd
File: umsa.fd 2013/01/14 v3.01 AMS symbols A
)
LaTeX Font Info:    Trying to load font information for U+msb on input line 36.
 (/home/melektron/.miktex/texmfs/install/tex/latex/amsfonts/umsb.fd
File: umsb.fd 2013/01/14 v3.01 AMS symbols B
)
Underfull \hbox (badness 1466) in paragraph at lines 38--40
\OT1/ptm/b/n/9 insight into why what communication is needed for and
 []


Underfull \hbox (badness 1668) in paragraph at lines 38--40
\OT1/ptm/b/n/9 Additionally it will cover problems and annoyances with
 []


Underfull \hbox (badness 1881) in paragraph at lines 38--40
\OT1/ptm/b/n/9 currently available communication frameworks for certain
 []


Underfull \hbox (badness 2285) in paragraph at lines 45--50
[]\OT1/ptm/m/n/10 The present paper concentrates on the wide use of
 []


Underfull \hbox (badness 1748) in paragraph at lines 45--50
\OT1/ptm/m/n/10 passwords or passphrases in IT-security, with a special
 []


Underfull \hbox (badness 1577) in paragraph at lines 72--74
[]\OT1/ptm/m/n/10 Sensitive information or access to hardware must be
 []

[1{/home/melektron/.miktex/texmfs/data/fonts/map/pdftex/pdftex.map}{/home/melektron/.miktex/texmfs/install/fonts/enc/dvips/base/8r.enc}


]
Underfull \hbox (badness 5022) in paragraph at lines 78--82
[]\OT1/ptm/m/n/10 As mentioned above, a password protects sensitive
 []


Underfull \hbox (badness 1845) in paragraph at lines 95--97
[]\OT1/ptm/m/n/10 But how quickly can a password really be hacked?
 []

<./images/brute_force.png, id=10, 752.8125pt x 484.05844pt>
File: ./images/brute_force.png Graphic file (type png)
<use ./images/brute_force.png>
Package pdftex.def Info: ./images/brute_force.png  used on input line 99.
(pdftex.def)             Requested size: 252.19661pt x 162.16241pt.

Underfull \vbox (badness 1242) has occurred while \output is active []

<./images/PasswordMonster.png, id=11, 669.702pt x 320.99925pt>
File: ./images/PasswordMonster.png Graphic file (type png)
<use ./images/PasswordMonster.png>
Package pdftex.def Info: ./images/PasswordMonster.png  used on input line 106.
(pdftex.def)             Requested size: 247.78586pt x 118.76785pt.
 [2 <./images/brute_force.png> <./images/PasswordMonster.png>]
Underfull \hbox (badness 10000) in paragraph at lines 156--157

 []

<./images/KeePass.png, id=17, 301.125pt x 168.63pt>
File: ./images/KeePass.png Graphic file (type png)
<use ./images/KeePass.png>
Package pdftex.def Info: ./images/KeePass.png  used on input line 158.
(pdftex.def)             Requested size: 180.67638pt x 101.17877pt.

Underfull \hbox (badness 10000) in paragraph at lines 162--167

 []


Underfull \hbox (badness 10000) in paragraph at lines 169--170

 []

<./images/1Password-Logo.wine.png, id=18, 3011.25pt x 2007.5pt>
File: ./images/1Password-Logo.wine.png Graphic file (type png)
<use ./images/1Password-Logo.wine.png>
Package pdftex.def Info: ./images/1Password-Logo.wine.png  used on input line 171.
(pdftex.def)             Requested size: 180.6672pt x 120.4448pt.

Underfull \hbox (badness 1484) in paragraph at lines 174--179
\OT1/ptm/m/n/10 Depending on the account type the data is stored
 []

[3 <./images/KeePass.png> <./images/1Password-Logo.wine.png>]
Underfull \hbox (badness 3209) in paragraph at lines 186--187
[]\OT1/ptm/b/n/10 Security: \OT1/ptm/m/n/10 Password safes use advanced encryption
 []


Underfull \hbox (badness 3977) in paragraph at lines 190--191
[]\OT1/ptm/b/n/10 Password strength: \OT1/ptm/m/n/10 Password safes often include
 []


Underfull \hbox (badness 1789) in paragraph at lines 190--191
\OT1/ptm/m/n/10 a password generator feature, which creates strong
 []


Underfull \hbox (badness 3088) in paragraph at lines 199--200
[]\OT1/ptm/b/n/10 Compatibility: \OT1/ptm/m/n/10 Some password safes may not be
 []


Underfull \vbox (badness 1371) has occurred while \output is active []

<./images/haveibeenpwned.png, id=24, 711.8595pt x 242.1045pt>
File: ./images/haveibeenpwned.png Graphic file (type png)
<use ./images/haveibeenpwned.png>
Package pdftex.def Info: ./images/haveibeenpwned.png  used on input line 218.
(pdftex.def)             Requested size: 206.43396pt x 70.2085pt.

Underfull \hbox (badness 3078) in paragraph at lines 230--231
[]\OT1/ptm/m/n/10 The fourth step is to add symbols to your
 []


Underfull \hbox (badness 2326) in paragraph at lines 230--231
\OT1/ptm/m/n/10 password. Change characters that look like a
 []


Underfull \hbox (badness 7832) in paragraph at lines 233--234
\OT1/ptm/m/n/10 Finally you would end up with a passphrase
 []


Underfull \hbox (badness 10000) in paragraph at lines 233--234
\OT1/ptm/m/n/10 like "ILuv@ppl5@ndB@n@n@5" or
 []

[4 <./images/haveibeenpwned.png>] (msglink_framework.lof
Underfull \hbox (badness 4505) in paragraph at lines 1--1
 [][] []\OT1/ptm/m/n/10 Graph for secure passwords - The figure 
 []


Underfull \hbox (badness 3746) in paragraph at lines 1--1
 \OT1/ptm/m/n/10 is taken from the homepage TechRepublic 
 []


Underfull \hbox (badness 10000) in paragraph at lines 1--1
 \OT1/ptm/m/n/10 (https://www.techrepublic.com/article/how-an- 
 []


Underfull \hbox (badness 10000) in paragraph at lines 1--1
 \OT1/ptm/m/n/10 8-character-password-could-be-cracked-in-less- 
 []


Underfull \hbox (badness 10000) in paragraph at lines 2--2
 [][] []\OT1/ptm/m/n/10 Screen-shot of PasswordMonster 
 []


Underfull \hbox (badness 10000) in paragraph at lines 2--2
 \OT1/ptm/m/n/10 example - The screenshot is taken 
 []


Underfull \hbox (badness 10000) in paragraph at lines 2--2
 \OT1/ptm/m/n/10 from the homepage PasswordMonster 
 []


Underfull \hbox (badness 10000) in paragraph at lines 3--3
 [][] []\OT1/ptm/m/n/10 KeePassXC - The figure is taken from 
 []


Underfull \hbox (badness 7704) in paragraph at lines 3--3
 \OT1/ptm/m/n/10 the homepage of the KeePassXC Project 
 []


Underfull \hbox (badness 10000) in paragraph at lines 4--4
 [][] []\OT1/ptm/m/n/10 1Password - The figure is taken from 
 []


Underfull \hbox (badness 10000) in paragraph at lines 4--4
 \OT1/ptm/m/n/10 the homepage of the 1Password Project 
 []

)
\tf@lof=\write3
\openout3 = `msglink_framework.lof'.


Underfull \hbox (badness 10000) in paragraph at lines 251--252
[]\OT1/ptm/m/n/8 Information for "The problem with passwords",
 []


Overfull \hbox (15.50125pt too wide) in paragraph at lines 253--254
[]\OT1/ptm/m/n/8 List for most used passwords, URL:https://www.passwordmanager.com/most-
 []


Underfull \hbox (badness 10000) in paragraph at lines 259--260
[]\OT1/ptm/m/n/8 KeepassXC, Open source password manager, URL:
 []


Underfull \hbox (badness 10000) in paragraph at lines 263--265
\OT1/ptm/m/n/8 https://expert.services/blog/managing-your-website/security/password-
 []


Underfull \hbox (badness 10000) in paragraph at lines 263--265
\OT1/ptm/m/n/8 https://www.orangecountyscu.org/stories/pros-and-cons-of-using-a-
 []


Underfull \hbox (badness 10000) in paragraph at lines 263--265
\OT1/ptm/m/n/8 https://www.passwordboss.com/pros-and-cons-of-using-a-password-
 []


Overfull \hbox (8.8694pt too wide) in paragraph at lines 268--269
[]\OT1/ptm/m/n/8 Resource for harmless example: https://www.heise.de/hintergrund/Roomba-
 []


Underfull \hbox (badness 10000) in paragraph at lines 268--269
\OT1/ptm/m/n/8 Wie-private-Fotos-eines-Staubsauger-Roboters-auf-Facebook-landen-
 []


Underfull \hbox (badness 10000) in paragraph at lines 270--271
[]\OT1/ptm/m/n/8 Information for YubiKey: https://www.yubico.com/der-
 []


** Conference Paper **
Before submitting the final camera ready copy, remember to:

 1. Manually equalize the lengths of two columns on the last page
 of your paper;

 2. Ensure that any PostScript and/or PDF output post-processing
 uses only Type 1 fonts and that every step in the generation
 process uses the appropriate paper size.

[5] (msglink_framework.aux)
 ***********
LaTeX2e <2023-11-01> patch level 1
L3 programming layer <2024-02-20>
 ***********
 ) 
Here is how much of TeX's memory you used:
 5582 strings out of 476392
 93628 string characters out of 5794185
 1943187 words of memory out of 5000000
 27615 multiletter control sequences out of 15000+600000
 595574 words of font info for 110 fonts, out of 8000000 for 9000
 0 hyphenation exceptions out of 8191
 57i,11n,65p,982b,342s stack positions out of 10000i,1000n,20000p,200000b,200000s
</home/melektron/.miktex/texmfs/install/fonts/type1/public/amsfonts/cm/cmsy7.pfb></home/melektron/.miktex/texmfs/install/fonts/type1/urw/times/utmb8a.pfb></home/melektron/.miktex/texmfs/install/fonts/type1/urw/times/utmbi8a.pfb></home/melektron/.miktex/texmfs/install/fonts/type1/urw/times/utmr8a.pfb></home/melektron/.miktex/texmfs/install/fonts/type1/urw/times/utmri8a.pfb>
Output written on msglink_framework.pdf (5 pages, 743594 bytes).
PDF statistics:
 54 PDF objects out of 1000 (max. 8388607)
 0 named destinations out of 1000 (max. 500000)
 26 words of extra memory for PDF output out of 10000 (max. 10000000)

