\BOOKMARK [1][-]{section.1}{\376\377\000A\000b\000s\000t\000r\000a\000c\000t}{}% 1
\BOOKMARK [1][-]{section.2}{\376\377\000I\000n\000t\000r\000o\000d\000u\000c\000t\000i\000o\000n}{}% 2
\BOOKMARK [1][-]{section.3}{\376\377\000H\000a\000u\000p\000t\000e\000i\000l\000?}{}% 3
\BOOKMARK [2][-]{subsection.3.1}{\376\377\000P\000a\000s\000s\000w\000o\000r\000d\000\040\000S\000a\000v\000e}{section.3}% 4
\BOOKMARK [3][-]{subsubsection.3.1.1}{\376\377\000E\000x\000p\000l\000a\000n\000a\000t\000i\000o\000n}{subsection.3.1}% 5
\BOOKMARK [3][-]{subsubsection.3.1.2}{\376\377\000P\000r\000o\000v\000i\000d\000e\000r\000s}{subsection.3.1}% 6
\BOOKMARK [2][-]{subsection.3.2}{\376\377\0002\000-\000f\000a\000c\000t\000o\000r\000\040\000a\000u\000t\000h\000e\000n\000t\000i\000c\000a\000t\000i\000o\000n}{section.3}% 7
\BOOKMARK [2][-]{subsection.3.3}{\376\377\000T\000h\000e\000\040\000f\000u\000t\000u\000r\000e\000\040\000o\000f\000\040\000p\000a\000s\000s\000w\000o\000r\000d\000s}{section.3}% 8
\BOOKMARK [1][-]{section.4}{\376\377\000c\000o\000n\000c\000l\000u\000s\000i\000o\000n}{}% 9
\BOOKMARK [1][-]{section.5}{\376\377\000G\000r\000u\000n\000d\000l\000a\000g\000e\000n\000\040\000d\000e\000r\000\040\000K\000r\000y\000p\000t\000o\000g\000r\000a\000p\000h\000i\000e}{}% 10
\BOOKMARK [2][-]{subsection.5.1}{\376\377\000D\000i\000e\000\040\000d\000r\000e\000i\000\040\000Z\000i\000e\000l\000e\000\040\000d\000e\000r\000\040\000K\000r\000y\000p\000t\000o\000g\000r\000a\000p\000h\000i\000e}{section.5}% 11
\BOOKMARK [2][-]{subsection.5.2}{\376\377\000D\000a\000t\000e\000n\000i\000n\000t\000e\000g\000r\000i\000t\000\344\000t\000\040\000-\000\040\000H\000a\000s\000h\000i\000n\000g}{section.5}% 12
\BOOKMARK [2][-]{subsection.5.3}{\376\377\000S\000H\000A}{section.5}% 13
\BOOKMARK [2][-]{subsection.5.4}{\376\377\000H\000M\000A\000C}{section.5}% 14
\BOOKMARK [2][-]{subsection.5.5}{\376\377\000V\000e\000r\000s\000c\000h\000l\000\374\000s\000s\000e\000l\000u\000n\000g\000\040\000-\000\040\000V\000e\000r\000t\000r\000a\000u\000l\000i\000c\000h\000k\000e\000i\000t}{section.5}% 15
\BOOKMARK [3][-]{subsubsection.5.5.1}{\376\377\000S\000y\000m\000m\000e\000t\000r\000i\000s\000c\000h\000e\000\040\000V\000e\000r\000s\000c\000h\000l\000\374\000s\000s\000e\000l\000u\000n\000g}{subsection.5.5}% 16
\BOOKMARK [3][-]{subsubsection.5.5.2}{\376\377\000A\000s\000y\000m\000m\000e\000t\000r\000i\000s\000c\000h\000e\000\040\000V\000e\000r\000s\000c\000h\000l\000\374\000s\000s\000e\000l\000u\000n\000g}{subsection.5.5}% 17
\BOOKMARK [4][-]{paragraph.5.5.2.1}{\376\377\000E\000C\000C\000\040\000-\000\040\000E\000l\000i\000p\000t\000i\000c\000\040\000C\000u\000r\000v\000e\000\040\000C\000r\000y\000p\000t\000o\000g\000r\000a\000p\000h\000y}{subsubsection.5.5.2}% 18
\BOOKMARK [1][-]{section.6}{\376\377\000D\000i\000e\000\040\000E\000n\000t\000s\000t\000e\000h\000u\000n\000g\000\040\000v\000o\000n\000\040\000B\000i\000t\000c\000o\000i\000n}{}% 19
\BOOKMARK [2][-]{subsection.6.1}{\376\377\000B\000i\000t\000c\000o\000i\000n\000,\000\040\000m\000B\000T\000C\000\040\000u\000n\000d\000\040\000S\000a\000t\000o\000s\000h\000i\000\040\000-\000\040\000d\000i\000e\000\040\000W\000\344\000h\000r\000u\000n\000g\000s\000e\000i\000n\000h\000e\000i\000t\000e\000n}{section.6}% 20
\BOOKMARK [1][-]{section.7}{\376\377\000B\000l\000o\000c\000k\000c\000h\000a\000i\000n}{}% 21
\BOOKMARK [2][-]{subsection.7.1}{\376\377\000A\000u\000f\000b\000a\000u\000\040\000d\000e\000r\000\040\000B\000l\000o\000c\000k\000c\000h\000a\000i\000n}{section.7}% 22
\BOOKMARK [2][-]{subsection.7.2}{\376\377\000D\000e\000z\000e\000n\000t\000r\000a\000l\000i\000s\000i\000e\000r\000u\000n\000g\000,\000\040\000F\000u\000l\000l\000-\000N\000o\000d\000e\000s\000\040\000u\000n\000d\000\040\000G\000r\000\366\000\337\000e}{section.7}% 23
\BOOKMARK [2][-]{subsection.7.3}{\376\377\000K\000o\000n\000s\000e\000n\000s\000b\000i\000l\000d\000u\000n\000g\000\040\000i\000n\000\040\000e\000i\000n\000e\000m\000\040\000d\000e\000z\000e\000n\000t\000r\000a\000l\000i\000s\000i\000e\000r\000t\000e\000m\000\040\000S\000y\000s\000t\000e\000m}{section.7}% 24
\BOOKMARK [3][-]{subsubsection.7.3.1}{\376\377\000K\000o\000n\000s\000e\000n\000s\000m\000e\000c\000h\000a\000n\000i\000s\000m\000e\000n}{subsection.7.3}% 25
\BOOKMARK [4][-]{paragraph.7.3.1.1}{\376\377\000P\000r\000o\000o\000f\000-\000o\000f\000-\000W\000o\000r\000k}{subsubsection.7.3.1}% 26
\BOOKMARK [4][-]{paragraph.7.3.1.2}{\376\377\000P\000r\000o\000o\000f\000-\000o\000f\000-\000S\000t\000a\000k\000e}{subsubsection.7.3.1}% 27
\BOOKMARK [3][-]{subsubsection.7.3.2}{\376\377\000F\000o\000r\000k}{subsection.7.3}% 28
\BOOKMARK [2][-]{subsection.7.4}{\376\377\000M\000i\000n\000i\000n\000g}{section.7}% 29
\BOOKMARK [3][-]{subsubsection.7.4.1}{\376\377\000V\000e\000r\000i\000f\000i\000z\000i\000e\000r\000u\000n\000g\000\040\000-\000\040\000H\000a\000s\000h\000i\000n\000g}{subsection.7.4}% 30
\BOOKMARK [3][-]{subsubsection.7.4.2}{\376\377\000M\000i\000n\000e\000r\000\040\000B\000e\000l\000o\000h\000n\000u\000n\000g\000\040\000u\000n\000d\000\040\000T\000r\000a\000n\000s\000a\000c\000t\000i\000o\000n\000\040\000F\000e\000e\000s}{subsection.7.4}% 31
\BOOKMARK [4][-]{paragraph.7.4.2.1}{\376\377\000T\000r\000a\000n\000s\000a\000c\000t\000i\000o\000n\000\040\000F\000e\000e\000s}{subsubsection.7.4.2}% 32
\BOOKMARK [4][-]{paragraph.7.4.2.2}{\376\377\000B\000e\000l\000o\000h\000n\000u\000n\000g\000\040\000-\000\040\000B\000l\000o\000c\000k\000\040\000S\000u\000b\000s\000i\000d\000y}{subsubsection.7.4.2}% 33
\BOOKMARK [1][-]{section.8}{\376\377\000T\000e\000i\000l\000\040\000d\000e\000r\000\040\000B\000l\000o\000c\000k\000c\000h\000a\000i\000n\000\040\000w\000e\000r\000d\000e\000n}{}% 34
\BOOKMARK [2][-]{subsection.8.1}{\376\377\000M\000e\000i\000n\000e\000\040\000A\000d\000r\000e\000s\000s\000e\000\040\000a\000u\000f\000\040\000d\000e\000r\000\040\000B\000l\000o\000c\000k\000c\000h\000a\000i\000n}{section.8}% 35
\BOOKMARK [2][-]{subsection.8.2}{\376\377\000W\000a\000l\000l\000e\000t\000s}{section.8}% 36
\BOOKMARK [3][-]{subsubsection.8.2.1}{\376\377\000A\000r\000t\000e\000n\000\040\000v\000o\000n\000\040\000W\000a\000l\000l\000e\000t\000s}{subsection.8.2}% 37
\BOOKMARK [4][-]{paragraph.8.2.1.1}{\376\377\000H\000o\000t\000\040\000W\000a\000l\000l\000e\000t}{subsubsection.8.2.1}% 38
\BOOKMARK [4][-]{paragraph.8.2.1.2}{\376\377\000C\000o\000l\000d\000\040\000W\000a\000l\000l\000e\000t}{subsubsection.8.2.1}% 39
\BOOKMARK [3][-]{subsubsection.8.2.2}{\376\377\000K\000e\000y\000\040\000E\000r\000s\000t\000e\000l\000l\000u\000n\000g}{subsection.8.2}% 40
\BOOKMARK [3][-]{subsubsection.8.2.3}{\376\377\000E\000i\000n\000e\000\040\000T\000r\000a\000n\000s\000a\000k\000t\000i\000o\000n\000\040\000s\000e\000n\000d\000e\000n}{subsection.8.2}% 41
\BOOKMARK [1][-]{section.9}{\376\377\000S\000t\000a\000b\000l\000e\000c\000o\000i\000n\000s\000\040\000-\000\040\000C\000o\000i\000n\000s\000\040\000z\000u\000\040\000D\000o\000l\000l\000a\000r}{}% 42
\BOOKMARK [1][-]{section.10}{\376\377\000P\000r\000o\000b\000l\000e\000m\000e}{}% 43
\BOOKMARK [2][-]{subsection.10.1}{\376\377\000H\000o\000h\000e\000\040\000V\000o\000l\000a\000t\000i\000l\000i\000t\000\344\000t}{section.10}% 44
\BOOKMARK [3][-]{subsubsection.10.1.1}{\376\377\000M\000i\000t\000t\000e\000l\000s\000m\000\344\000n\000n\000e\000r}{subsection.10.1}% 45
\BOOKMARK [3][-]{subsubsection.10.1.2}{\376\377\000F\000a\000i\000r\000n\000e\000s\000s}{subsection.10.1}% 46
\BOOKMARK [3][-]{subsubsection.10.1.3}{\376\377\0005\0001\000\045\000\040\000A\000n\000g\000r\000i\000f\000f}{subsection.10.1}% 47
\BOOKMARK [3][-]{subsubsection.10.1.4}{\376\377\000T\000r\000a\000n\000s\000a\000k\000t\000i\000o\000n\000s\000l\000i\000m\000i\000t}{subsection.10.1}% 48
\BOOKMARK [3][-]{subsubsection.10.1.5}{\376\377\000F\000i\000n\000a\000l\000i\000t\000y}{subsection.10.1}% 49
\BOOKMARK [3][-]{subsubsection.10.1.6}{\376\377\000E\000n\000e\000r\000g\000i\000e\000a\000u\000f\000w\000a\000n\000d\000\040\000b\000e\000i\000\040\000P\000r\000o\000o\000f\000-\000o\000f\000-\000W\000o\000r\000k}{subsection.10.1}% 50
